Export boosem/unityLibrary/build/intermediates/manifest_merge_blame_file/debug/manifest-merger-blame-debug-report.txt
1<?xml version="1.0" encoding="utf-8"?>
2<!-- GENERATED BY UNITY. REMOVE THIS COMMENT TO PREVENT OVERWRITING WHEN EXPORTING AGAIN -->
3<manifest xmlns:android="http://schemas.android.com/apk/res/android"
4    xmlns:tools="http://schemas.android.com/tools"
5    package="com.unity3d.player"
6    android:versionCode="1"
7    android:versionName="1.0" >
8
9    <uses-sdk
10        android:minSdkVersion="28"
10-->src\main\AndroidManifest.xml
11        android:targetSdkVersion="29" />
11-->src\main\AndroidManifest.xml
12
13    <uses-feature android:glEsVersion="0x00020000" />
13-->src\main\AndroidManifest.xml:21:3-52
13-->src\main\AndroidManifest.xml:21:17-49
14
15    <uses-permission android:name="android.permission.INTERNET" />
15-->src\main\AndroidManifest.xml:22:3-65
15-->src\main\AndroidManifest.xml:22:20-62
16    <uses-permission android:name="android.permission.ACCESS_NETWORK_STATE" />
16-->src\main\AndroidManifest.xml:23:3-77
16-->src\main\AndroidManifest.xml:23:20-74
17    <uses-permission android:name="android.permission.ACCESS_FINE_LOCATION" />
17-->src\main\AndroidManifest.xml:24:3-77
17-->src\main\AndroidManifest.xml:24:20-74
18
19    <uses-feature
19-->src\main\AndroidManifest.xml:25:3-89
20        android:name="android.hardware.location.gps"
20-->src\main\AndroidManifest.xml:25:17-61
21        android:required="false" />
21-->src\main\AndroidManifest.xml:25:62-86
22    <uses-feature
22-->src\main\AndroidManifest.xml:26:3-85
23        android:name="android.hardware.location"
23-->src\main\AndroidManifest.xml:26:17-57
24        android:required="false" />
24-->src\main\AndroidManifest.xml:26:58-82
25    <uses-feature
25-->src\main\AndroidManifest.xml:27:3-88
26        android:name="android.hardware.touchscreen"
26-->src\main\AndroidManifest.xml:27:17-60
27        android:required="false" />
27-->src\main\AndroidManifest.xml:27:61-85
28    <uses-feature
28-->src\main\AndroidManifest.xml:28:3-99
29        android:name="android.hardware.touchscreen.multitouch"
29-->src\main\AndroidManifest.xml:28:17-71
30        android:required="false" />
30-->src\main\AndroidManifest.xml:28:72-96
31    <uses-feature
31-->src\main\AndroidManifest.xml:29:3-108
32        android:name="android.hardware.touchscreen.multitouch.distinct"
32-->src\main\AndroidManifest.xml:29:17-80
33        android:required="false" />
33-->src\main\AndroidManifest.xml:29:81-105
34
35    <uses-permission android:name="android.permission.CAMERA" />
35-->src\main\AndroidManifest.xml:30:3-63
35-->src\main\AndroidManifest.xml:30:20-60
36
37    <uses-feature
37-->src\main\AndroidManifest.xml:31:3-85
38        android:name="android.hardware.camera.ar"
38-->src\main\AndroidManifest.xml:31:17-58
39        android:required="true" />
39-->src\main\AndroidManifest.xml:31:59-82
40
41    <application android:isGame="true" >
41-->src\main\AndroidManifest.xml:4:3-20:17
41-->src\main\AndroidManifest.xml:4:16-37
42        <activity
42-->src\main\AndroidManifest.xml:5:5-13:16
43            android:name="com.unity3d.player.UnityPlayerActivity"
43-->src\main\AndroidManifest.xml:5:15-68
44            android:configChanges="mcc|mnc|locale|touchscreen|keyboard|keyboardHidden|navigation|orientation|screenLayout|uiMode|screenSize|smallestScreenSize|fontScale|layoutDirection|density"
44-->src\main\AndroidManifest.xml:5:182-363
45            android:hardwareAccelerated="false"
45-->src\main\AndroidManifest.xml:5:364-399
46            android:launchMode="singleTask"
46-->src\main\AndroidManifest.xml:5:150-181
47            android:screenOrientation="fullSensor"
47-->src\main\AndroidManifest.xml:5:111-149
48            android:theme="@style/UnityThemeSelector" >
48-->src\main\AndroidManifest.xml:5:69-110
49            <intent-filter>
49-->src\main\AndroidManifest.xml:6:7-10:23
50                <action android:name="android.intent.action.MAIN" />
50-->src\main\AndroidManifest.xml:7:9-61
50-->src\main\AndroidManifest.xml:7:17-58
51
52                <category android:name="android.intent.category.LAUNCHER" />
52-->src\main\AndroidManifest.xml:8:9-69
52-->src\main\AndroidManifest.xml:8:19-66
53                <category android:name="android.intent.category.LEANBACK_LAUNCHER" />
53-->src\main\AndroidManifest.xml:9:9-78
53-->src\main\AndroidManifest.xml:9:19-75
54            </intent-filter>
55
56            <meta-data
56-->src\main\AndroidManifest.xml:11:7-82
57                android:name="unityplayer.UnityActivity"
57-->src\main\AndroidManifest.xml:11:18-58
58                android:value="true" />
58-->src\main\AndroidManifest.xml:11:59-79
59            <meta-data
59-->src\main\AndroidManifest.xml:12:7-78
60                android:name="android.notch_support"
60-->src\main\AndroidManifest.xml:12:18-54
61                android:value="true" />
61-->src\main\AndroidManifest.xml:12:55-75
62        </activity>
63
64        <meta-data
64-->src\main\AndroidManifest.xml:14:5-69
65            android:name="unity.splash-mode"
65-->src\main\AndroidManifest.xml:14:16-48
66            android:value="0" />
66-->src\main\AndroidManifest.xml:14:49-66
67        <meta-data
67-->src\main\AndroidManifest.xml:15:5-74
68            android:name="unity.splash-enable"
68-->src\main\AndroidManifest.xml:15:16-50
69            android:value="True" />
69-->src\main\AndroidManifest.xml:15:51-71
70        <meta-data
70-->src\main\AndroidManifest.xml:16:5-81
71            android:name="notch.config"
71-->src\main\AndroidManifest.xml:16:16-43
72            android:value="portrait|landscape" />
72-->src\main\AndroidManifest.xml:16:44-78
73        <meta-data
73-->src\main\AndroidManifest.xml:17:5-101
74            android:name="unity.build-id"
74-->src\main\AndroidManifest.xml:17:16-45
75            android:value="e10f2fb8-f71b-4be6-a44b-2ff485b91484" />
75-->src\main\AndroidManifest.xml:17:46-98
76        <meta-data
76-->src\main\AndroidManifest.xml:18:5-88
77            android:name="unityplayer.SkipPermissionsDialog"
77-->src\main\AndroidManifest.xml:18:16-64
78            android:value="true" />
78-->src\main\AndroidManifest.xml:18:65-85
79        <meta-data
79-->src\main\AndroidManifest.xml:19:5-77
80            android:name="com.google.ar.core"
80-->src\main\AndroidManifest.xml:19:16-49
81            android:value="required" />
81-->src\main\AndroidManifest.xml:19:50-74
82    </application>
83
84</manifest>